[0314/160301.504:INFO:CONSOLE(0)] "Error with Permissions-Policy header: Feature xr-spatial-tracking's parameters are ignored.", source:  (0)
[0314/160301.504:INFO:CONSOLE(0)] "Error with Permissions-Policy header: Origin trial controlled feature not enabled: 'attribution-reporting'.", source:  (0)
[0314/160301.505:INFO:CONSOLE(0)] "Error with Permissions-Policy header: Unrecognized feature: 'compute-pressure'.", source:  (0)
[0314/160301.505:INFO:CONSOLE(0)] "Error with Permissions-Policy header: Origin trial controlled feature not enabled: 'interest-cohort'.", source:  (0)
[0314/160301.505:INFO:CONSOLE(0)] "Error with Permissions-Policy header: Unrecognized feature: 'private-state-token-issuance'.", source:  (0)
[0314/160301.505:INFO:CONSOLE(0)] "Error with Permissions-Policy header: Origin trial controlled feature not enabled: 'shared-storage'.", source:  (0)
[0314/160301.505:INFO:CONSOLE(0)] "Error with Permissions-Policy header: Unrecognized feature: 'shared-storage-select-url'.", source:  (0)
[0314/160301.505:INFO:CONSOLE(0)] "Error with Permissions-Policy header: Unrecognized feature: 'private-state-token-redemption'.", source:  (0)
[0314/160301.505:INFO:CONSOLE(0)] "Error with Permissions-Policy header: Unrecognized feature: 'unload'.", source:  (0)
[0314/160301.505:INFO:CONSOLE(0)] "Error with Permissions-Policy header: Unrecognized feature: 'window-management'.", source:  (0)
[0314/160303.370:INFO:CONSOLE(158)] "Event handler of 'x-storagemutated-1' event must be added on the initial evaluation of worker script.", source: https://static.whatsapp.net/rsrc.php/v4/yb/r/0UpEZD4Ls-x.js (158)
[0314/160728.817:INFO:CONSOLE(158)] "Event handler of 'x-storagemutated-1' event must be added on the initial evaluation of worker script.", source: https://static.whatsapp.net/rsrc.php/v4/yb/r/0UpEZD4Ls-x.js (158)
[0314/160817.668:INFO:CONSOLE(1735)] "Failed to parse video contentType: video/mp4; codecs=avc1.42000a", source: https://static.whatsapp.net/rsrc.php/v4ixmf4/y6/l/rt/PTLS7iIIjgW.js (1735)
[0314/160817.668:INFO:CONSOLE(1735)] "Failed to parse video contentType: video/mp4; codecs=hev1.1.6.L93.B0", source: https://static.whatsapp.net/rsrc.php/v4ixmf4/y6/l/rt/PTLS7iIIjgW.js (1735)
[0314/160819.450:INFO:CONSOLE(158)] "Event handler of 'x-storagemutated-1' event must be added on the initial evaluation of worker script.", source: https://static.whatsapp.net/rsrc.php/v4/yb/r/0UpEZD4Ls-x.js (158)
[0314/161236.522:INFO:CONSOLE(158)] "Event handler of 'x-storagemutated-1' event must be added on the initial evaluation of worker script.", source: https://static.whatsapp.net/rsrc.php/v4/yb/r/0UpEZD4Ls-x.js (158)
[0314/161529.427:INFO:CONSOLE(158)] "Event handler of 'x-storagemutated-1' event must be added on the initial evaluation of worker script.", source: https://static.whatsapp.net/rsrc.php/v4/yb/r/0UpEZD4Ls-x.js (158)
[0314/161831.876:INFO:CONSOLE(158)] "Event handler of 'x-storagemutated-1' event must be added on the initial evaluation of worker script.", source: https://static.whatsapp.net/rsrc.php/v4/yb/r/0UpEZD4Ls-x.js (158)
[0314/161908.285:INFO:CONSOLE(158)] "Event handler of 'x-storagemutated-1' event must be added on the initial evaluation of worker script.", source: https://static.whatsapp.net/rsrc.php/v4/yb/r/0UpEZD4Ls-x.js (158)
[0314/164336.191:INFO:CONSOLE(158)] "Event handler of 'x-storagemutated-1' event must be added on the initial evaluation of worker script.", source: https://static.whatsapp.net/rsrc.php/v4/yb/r/0UpEZD4Ls-x.js (158)
[0314/165135.277:INFO:CONSOLE(158)] "Event handler of 'x-storagemutated-1' event must be added on the initial evaluation of worker script.", source: https://static.whatsapp.net/rsrc.php/v4/yb/r/0UpEZD4Ls-x.js (158)
[0314/165628.255:INFO:CONSOLE(158)] "Event handler of 'x-storagemutated-1' event must be added on the initial evaluation of worker script.", source: https://static.whatsapp.net/rsrc.php/v4/yb/r/0UpEZD4Ls-x.js (158)
[0314/165747.532:INFO:CONSOLE(158)] "Event handler of 'x-storagemutated-1' event must be added on the initial evaluation of worker script.", source: https://static.whatsapp.net/rsrc.php/v4/yb/r/0UpEZD4Ls-x.js (158)
[0314/170200.255:INFO:CONSOLE(158)] "Event handler of 'x-storagemutated-1' event must be added on the initial evaluation of worker script.", source: https://static.whatsapp.net/rsrc.php/v4/yb/r/0UpEZD4Ls-x.js (158)
[0314/170328.166:INFO:CONSOLE(158)] "Event handler of 'x-storagemutated-1' event must be added on the initial evaluation of worker script.", source: https://static.whatsapp.net/rsrc.php/v4/yb/r/0UpEZD4Ls-x.js (158)
